0 info it worked if it ends with ok
1 verbose cli [ '/usr/local/Cellar/node/5.6.0/bin/node',
1 verbose cli   '/usr/local/bin/npm',
1 verbose cli   'run',
1 verbose cli   'start-dev' ]
2 info using npm@3.6.0
3 info using node@v5.6.0
4 verbose run-script [ 'prestart-dev', 'start-dev', 'poststart-dev' ]
5 info lifecycle reactexperiment@1.0.0~prestart-dev: reactexperiment@1.0.0
6 silly lifecycle reactexperiment@1.0.0~prestart-dev: no script for prestart-dev, continuing
7 info lifecycle reactexperiment@1.0.0~start-dev: reactexperiment@1.0.0
8 verbose lifecycle reactexperiment@1.0.0~start-dev: unsafe-perm in lifecycle true
9 verbose lifecycle reactexperiment@1.0.0~start-dev: PATH: /usr/local/lib/node_modules/npm/bin/node-gyp-bin:/Users/Andrew/js/react/my-templates/universalreduxtemplate/node_modules/.bin:/usr/local/lib/node_modules/npm/bin/node-gyp-bin:/Users/Andrew/js/react/my-templates/universalreduxtemplate/node_modules/.bin:/Users/Andrew/.rbenv/shims:/usr/local/bin:/Users/Andrew/.rbenv/bin:/usr/local/bin:/usr/bin:/bin:/usr/sbin:/sbin::/Users/Andrew/EsriProj/esri-cityengine-sdk:/Users/Andrew/EsriProj/esri-cityengine-sdk/include:/Users/Andrew/Boost/bin:
10 verbose lifecycle reactexperiment@1.0.0~start-dev: CWD: /Users/Andrew/js/react/my-templates/universalreduxtemplate
11 silly lifecycle reactexperiment@1.0.0~start-dev: Args: [ '-c', 'node ./dist/server.min.js' ]
12 silly lifecycle reactexperiment@1.0.0~start-dev: Returned: code: 1  signal: null
13 info lifecycle reactexperiment@1.0.0~start-dev: Failed to exec start-dev script
14 verbose stack Error: reactexperiment@1.0.0 start-dev: `node ./dist/server.min.js`
14 verbose stack Exit status 1
14 verbose stack     at EventEmitter.<anonymous> (/usr/local/lib/node_modules/npm/lib/utils/lifecycle.js:232:16)
14 verbose stack     at emitTwo (events.js:100:13)
14 verbose stack     at EventEmitter.emit (events.js:185:7)
14 verbose stack     at ChildProcess.<anonymous> (/usr/local/lib/node_modules/npm/lib/utils/spawn.js:24:14)
14 verbose stack     at emitTwo (events.js:100:13)
14 verbose stack     at ChildProcess.emit (events.js:185:7)
14 verbose stack     at maybeClose (internal/child_process.js:827:16)
14 verbose stack     at Process.ChildProcess._handle.onexit (internal/child_process.js:211:5)
15 verbose pkgid reactexperiment@1.0.0
16 verbose cwd /Users/Andrew/js/react/my-templates/universalreduxtemplate
17 error Darwin 15.3.0
18 error argv "/usr/local/Cellar/node/5.6.0/bin/node" "/usr/local/bin/npm" "run" "start-dev"
19 error node v5.6.0
20 error npm  v3.6.0
21 error code ELIFECYCLE
22 error reactexperiment@1.0.0 start-dev: `node ./dist/server.min.js`
22 error Exit status 1
23 error Failed at the reactexperiment@1.0.0 start-dev script 'node ./dist/server.min.js'.
23 error Make sure you have the latest version of node.js and npm installed.
23 error If you do, this is most likely a problem with the reactexperiment package,
23 error not with npm itself.
23 error Tell the author that this fails on your system:
23 error     node ./dist/server.min.js
23 error You can get information on how to open an issue for this project with:
23 error     npm bugs reactexperiment
23 error Or if that isn't available, you can get their info via:
23 error     npm owner ls reactexperiment
23 error There is likely additional logging output above.
24 verbose exit [ 1, true ]
